app/build/intermediates/manifest_merge_blame_file/debug/processDebugMainManifest/manifest-merger-blame-debug-report.txt
1<?xml version="1.0" encoding="utf-8"?>
2<manifest xmlns:android="http://schemas.android.com/apk/res/android"
3    package="com.example.project1"
4    android:versionCode="1"
5    android:versionName="1.0" >
6
7    <uses-sdk
8        android:minSdkVersion="28"
9        android:targetSdkVersion="35" />
10
11    <uses-permission android:name="android.permission.INTERNET" />
11-->src\main\AndroidManifest.xml:4:5-67
11-->src\main\AndroidManifest.xml:4:22-64
12
13    <permission
13-->[androidx.core:core:1.15.0] AndroidManifest.xml:22:5-24:47
14        android:name="com.example.project1.DYNAMIC_RECEIVER_NOT_EXPORTED_PERMISSION"
14-->[androidx.core:core:1.15.0] AndroidManifest.xml:23:9-81
15        android:protectionLevel="signature" />
15-->[androidx.core:core:1.15.0] AndroidManifest.xml:24:9-44
16
17    <uses-permission android:name="com.example.project1.DYNAMIC_RECEIVER_NOT_EXPORTED_PERMISSION" />
17-->[androidx.core:core:1.15.0] AndroidManifest.xml:26:5-97
17-->[androidx.core:core:1.15.0] AndroidManifest.xml:26:22-94
18
19    <application
19-->src\main\AndroidManifest.xml:6:5-45:19
20        android:allowBackup="true"
20-->src\main\AndroidManifest.xml:7:9-35
21        android:appComponentFactory="androidx.core.app.CoreComponentFactory"
21-->[androidx.core:core:1.15.0] AndroidManifest.xml:28:18-86
22        android:dataExtractionRules="@xml/data_extraction_rules"
22-->src\main\AndroidManifest.xml:8:9-65
23        android:debuggable="true"
24        android:extractNativeLibs="false"
25        android:fullBackupContent="@xml/backup_rules"
25-->src\main\AndroidManifest.xml:9:9-54
26        android:icon="@mipmap/ic_launcher"
26-->src\main\AndroidManifest.xml:10:9-43
27        android:label="@string/app_name"
27-->src\main\AndroidManifest.xml:11:9-41
28        android:roundIcon="@mipmap/ic_launcher_round"
28-->src\main\AndroidManifest.xml:12:9-54
29        android:supportsRtl="true"
29-->src\main\AndroidManifest.xml:13:9-35
30        android:testOnly="true"
31        android:theme="@style/Theme.Project1" >
31-->src\main\AndroidManifest.xml:14:9-46
32        <activity
32-->src\main\AndroidManifest.xml:16:9-20:53
33            android:name="com.example.project1.SetPreferencesActivity"
33-->src\main\AndroidManifest.xml:17:13-51
34            android:exported="false"
34-->src\main\AndroidManifest.xml:18:13-37
35            android:label="@string/title_activity_set_preferences"
35-->src\main\AndroidManifest.xml:19:13-67
36            android:theme="@style/Theme.Project1" />
36-->src\main\AndroidManifest.xml:20:13-50
37        <activity
37-->src\main\AndroidManifest.xml:21:9-32:20
38            android:name="com.example.project1.MainActivity"
38-->src\main\AndroidManifest.xml:22:13-41
39            android:exported="true"
39-->src\main\AndroidManifest.xml:23:13-36
40            android:label="@string/app_name"
40-->src\main\AndroidManifest.xml:24:13-45
41            android:theme="@style/Theme.Project1" >
41-->src\main\AndroidManifest.xml:25:13-50
42            <intent-filter>
42-->src\main\AndroidManifest.xml:26:13-30:29
43                <action android:name="android.intent.action.MAIN" />
43-->src\main\AndroidManifest.xml:27:17-69
43-->src\main\AndroidManifest.xml:27:25-66
44
45                <category android:name="android.intent.category.LAUNCHER" />
45-->src\main\AndroidManifest.xml:29:17-77
45-->src\main\AndroidManifest.xml:29:27-74
46            </intent-filter>
47        </activity>
48        <activity
48-->src\main\AndroidManifest.xml:34:9-38:53
49            android:name="com.example.project1.CreateAccActivity"
49-->src\main\AndroidManifest.xml:35:13-46
50            android:exported="false"
50-->src\main\AndroidManifest.xml:36:13-37
51            android:label="@string/app_name"
51-->src\main\AndroidManifest.xml:37:13-45
52            android:theme="@style/Theme.Project1" />
52-->src\main\AndroidManifest.xml:38:13-50
53        <activity
53-->src\main\AndroidManifest.xml:40:9-44:52
54            android:name="com.example.project1.LoginActivity"
54-->src\main\AndroidManifest.xml:41:13-42
55            android:exported="true"
55-->src\main\AndroidManifest.xml:42:13-36
56            android:label="@string/app_name"
56-->src\main\AndroidManifest.xml:43:13-45
57            android:theme="@style/Theme.Project1" />
57-->src\main\AndroidManifest.xml:44:13-50
58        <activity
58-->[androidx.compose.ui:ui-tooling-android:1.7.6] AndroidManifest.xml:23:9-25:39
59            android:name="androidx.compose.ui.tooling.PreviewActivity"
59-->[androidx.compose.ui:ui-tooling-android:1.7.6] AndroidManifest.xml:24:13-71
60            android:exported="true" />
60-->[androidx.compose.ui:ui-tooling-android:1.7.6] AndroidManifest.xml:25:13-36
61
62        <provider
62-->[androidx.emoji2:emoji2:1.3.0] AndroidManifest.xml:24:9-32:20
63            android:name="androidx.startup.InitializationProvider"
63-->[androidx.emoji2:emoji2:1.3.0] AndroidManifest.xml:25:13-67
64            android:authorities="com.example.project1.androidx-startup"
64-->[androidx.emoji2:emoji2:1.3.0] AndroidManifest.xml:26:13-68
65            android:exported="false" >
65-->[androidx.emoji2:emoji2:1.3.0] AndroidManifest.xml:27:13-37
66            <meta-data
66-->[androidx.emoji2:emoji2:1.3.0] AndroidManifest.xml:29:13-31:52
67                android:name="androidx.emoji2.text.EmojiCompatInitializer"
67-->[androidx.emoji2:emoji2:1.3.0] AndroidManifest.xml:30:17-75
68                android:value="androidx.startup" />
68-->[androidx.emoji2:emoji2:1.3.0] AndroidManifest.xml:31:17-49
69            <meta-data
69-->[androidx.lifecycle:lifecycle-process:2.8.7] AndroidManifest.xml:29:13-31:52
70                android:name="androidx.lifecycle.ProcessLifecycleInitializer"
70-->[androidx.lifecycle:lifecycle-process:2.8.7] AndroidManifest.xml:30:17-78
71                android:value="androidx.startup" />
71-->[androidx.lifecycle:lifecycle-process:2.8.7] AndroidManifest.xml:31:17-49
72            <meta-data
72-->[androidx.profileinstaller:profileinstaller:1.4.0] AndroidManifest.xml:29:13-31:52
73                android:name="androidx.profileinstaller.ProfileInstallerInitializer"
73-->[androidx.profileinstaller:profileinstaller:1.4.0] AndroidManifest.xml:30:17-85
74                android:value="androidx.startup" />
74-->[androidx.profileinstaller:profileinstaller:1.4.0] AndroidManifest.xml:31:17-49
75        </provider>
76
77        <activity
77-->[androidx.compose.ui:ui-test-manifest:1.7.6] AndroidManifest.xml:23:9-25:39
78            android:name="androidx.activity.ComponentActivity"
78-->[androidx.compose.ui:ui-test-manifest:1.7.6] AndroidManifest.xml:24:13-63
79            android:exported="true" />
79-->[androidx.compose.ui:ui-test-manifest:1.7.6] AndroidManifest.xml:25:13-36
80
81        <service
81-->[androidx.room:room-runtime:2.6.1] AndroidManifest.xml:24:9-28:63
82            android:name="androidx.room.MultiInstanceInvalidationService"
82-->[androidx.room:room-runtime:2.6.1] AndroidManifest.xml:25:13-74
83            android:directBootAware="true"
83-->[androidx.room:room-runtime:2.6.1] AndroidManifest.xml:26:13-43
84            android:exported="false" />
84-->[androidx.room:room-runtime:2.6.1] AndroidManifest.xml:27:13-37
85
86        <receiver
86-->[androidx.profileinstaller:profileinstaller:1.4.0] AndroidManifest.xml:34:9-52:20
87            android:name="androidx.profileinstaller.ProfileInstallReceiver"
87-->[androidx.profileinstaller:profileinstaller:1.4.0] AndroidManifest.xml:35:13-76
88            android:directBootAware="false"
88-->[androidx.profileinstaller:profileinstaller:1.4.0] AndroidManifest.xml:36:13-44
89            android:enabled="true"
89-->[androidx.profileinstaller:profileinstaller:1.4.0] AndroidManifest.xml:37:13-35
90            android:exported="true"
90-->[androidx.profileinstaller:profileinstaller:1.4.0] AndroidManifest.xml:38:13-36
91            android:permission="android.permission.DUMP" >
91-->[androidx.profileinstaller:profileinstaller:1.4.0] AndroidManifest.xml:39:13-57
92            <intent-filter>
92-->[androidx.profileinstaller:profileinstaller:1.4.0] AndroidManifest.xml:40:13-42:29
93                <action android:name="androidx.profileinstaller.action.INSTALL_PROFILE" />
93-->[androidx.profileinstaller:profileinstaller:1.4.0] AndroidManifest.xml:41:17-91
93-->[androidx.profileinstaller:profileinstaller:1.4.0] AndroidManifest.xml:41:25-88
94            </intent-filter>
95            <intent-filter>
95-->[androidx.profileinstaller:profileinstaller:1.4.0] AndroidManifest.xml:43:13-45:29
96                <action android:name="androidx.profileinstaller.action.SKIP_FILE" />
96-->[androidx.profileinstaller:profileinstaller:1.4.0] AndroidManifest.xml:44:17-85
96-->[androidx.profileinstaller:profileinstaller:1.4.0] AndroidManifest.xml:44:25-82
97            </intent-filter>
98            <intent-filter>
98-->[androidx.profileinstaller:profileinstaller:1.4.0] AndroidManifest.xml:46:13-48:29
99                <action android:name="androidx.profileinstaller.action.SAVE_PROFILE" />
99-->[androidx.profileinstaller:profileinstaller:1.4.0] AndroidManifest.xml:47:17-88
99-->[androidx.profileinstaller:profileinstaller:1.4.0] AndroidManifest.xml:47:25-85
100            </intent-filter>
101            <intent-filter>
101-->[androidx.profileinstaller:profileinstaller:1.4.0] AndroidManifest.xml:49:13-51:29
102                <action android:name="androidx.profileinstaller.action.BENCHMARK_OPERATION" />
102-->[androidx.profileinstaller:profileinstaller:1.4.0] AndroidManifest.xml:50:17-95
102-->[androidx.profileinstaller:profileinstaller:1.4.0] AndroidManifest.xml:50:25-92
103            </intent-filter>
104        </receiver>
105    </application>
106
107</manifest>